[2021-05-25T14:53:42.687] [DEBUG] cheese - login => username:admin,password:123456
[2021-05-25T14:53:42.688] [DEBUG] cheese - admin
[2021-05-25T14:53:42.703] [DEBUG] cheese - null
[2021-05-25T14:53:42.703] [DEBUG] cheese - null
[2022-02-05T07:49:36.860] [DEBUG] cheese - login => username:zce,password:123456
[2022-02-05T07:49:36.862] [DEBUG] cheese - zce
[2022-02-05T07:49:36.873] [DEBUG] cheese - null
[2022-02-05T07:49:36.874] [DEBUG] cheese - null
[2022-02-05T07:50:20.557] [DEBUG] cheese - login => username:admin,password:123456
[2022-02-05T07:50:20.557] [DEBUG] cheese - admin
[2022-02-05T07:50:20.568] [DEBUG] cheese - null
[2022-02-05T07:50:20.568] [DEBUG] cheese - null
[2022-02-05T08:02:06.620] [DEBUG] cheese - login => username:admin,password:123456
[2022-02-05T08:02:06.621] [DEBUG] cheese - admin
[2022-02-05T08:02:06.626] [DEBUG] cheese - null
[2022-02-05T08:02:06.627] [DEBUG] cheese - null
[2022-02-05T10:14:26.594] [DEBUG] cheese - login => username:admin,password:123456
[2022-02-05T10:14:26.594] [DEBUG] cheese - admin
[2022-02-05T10:14:26.602] [DEBUG] cheese - null
[2022-02-05T10:14:26.602] [DEBUG] cheese - null
[2022-02-05T10:16:01.555] [DEBUG] cheese - login => username:admin,password:123456
[2022-02-05T10:16:01.555] [DEBUG] cheese - admin
[2022-02-05T10:16:01.561] [DEBUG] cheese - null
[2022-02-05T10:16:01.561] [DEBUG] cheese - null
[2022-02-05T10:16:29.256] [DEBUG] cheese - login => username:admin,password:123456
[2022-02-05T10:16:29.256] [DEBUG] cheese - admin
[2022-02-05T10:16:29.266] [DEBUG] cheese - null
[2022-02-05T10:16:29.266] [DEBUG] cheese - null
[2022-02-05T10:17:10.712] [DEBUG] cheese - login => username:admin,password:123456
[2022-02-05T10:17:10.712] [DEBUG] cheese - admin
[2022-02-05T10:17:10.717] [DEBUG] cheese - null
[2022-02-05T10:17:10.717] [DEBUG] cheese - null
[2022-02-05T10:18:10.288] [DEBUG] cheese - login => username:admin,password:123456
[2022-02-05T10:18:10.289] [DEBUG] cheese - admin
[2022-02-05T10:18:10.293] [DEBUG] cheese - null
[2022-02-05T10:18:10.293] [DEBUG] cheese - null
[2022-02-05T10:20:06.074] [DEBUG] cheese - login => username:admin,password:1234567
[2022-02-05T10:20:06.074] [DEBUG] cheese - admin
[2022-02-05T10:20:06.080] [DEBUG] cheese - null
[2022-02-05T10:20:06.080] [DEBUG] cheese - null
[2022-02-05T10:20:09.843] [DEBUG] cheese - login => username:admin,password:123456
[2022-02-05T10:20:09.843] [DEBUG] cheese - admin
[2022-02-05T10:20:09.852] [DEBUG] cheese - null
[2022-02-05T10:20:09.852] [DEBUG] cheese - null
[2022-02-05T10:25:30.413] [DEBUG] cheese - login => username:admin,password:1234567
[2022-02-05T10:25:30.413] [DEBUG] cheese - admin
[2022-02-05T10:25:30.419] [DEBUG] cheese - null
[2022-02-05T10:25:30.419] [DEBUG] cheese - null
[2022-02-05T10:25:33.679] [DEBUG] cheese - login => username:admin,password:123456
[2022-02-05T10:25:33.680] [DEBUG] cheese - admin
[2022-02-05T10:25:33.684] [DEBUG] cheese - null
[2022-02-05T10:25:33.684] [DEBUG] cheese - null
[2022-02-05T10:29:17.511] [DEBUG] cheese - login => username:admin,password:123456
[2022-02-05T10:29:17.511] [DEBUG] cheese - admin
[2022-02-05T10:29:17.516] [DEBUG] cheese - null
[2022-02-05T10:29:17.516] [DEBUG] cheese - null
[2022-02-05T10:30:59.006] [DEBUG] cheese - login => username:admin,password:123456
[2022-02-05T10:30:59.006] [DEBUG] cheese - admin
[2022-02-05T10:30:59.011] [DEBUG] cheese - null
[2022-02-05T10:30:59.011] [DEBUG] cheese - null
[2022-02-05T10:33:35.242] [DEBUG] cheese - login => username:admin,password:123456
[2022-02-05T10:33:35.242] [DEBUG] cheese - admin
[2022-02-05T10:33:35.249] [DEBUG] cheese - null
[2022-02-05T10:33:35.250] [DEBUG] cheese - null
[2022-02-05T10:41:34.454] [DEBUG] cheese - login => username:admin,password:123456
[2022-02-05T10:41:34.455] [DEBUG] cheese - admin
[2022-02-05T10:41:34.462] [DEBUG] cheese - null
[2022-02-05T10:41:34.462] [DEBUG] cheese - null
[2022-02-05T10:43:29.198] [DEBUG] cheese - login => username:admin,password:123456
[2022-02-05T10:43:29.198] [DEBUG] cheese - admin
[2022-02-05T10:43:29.204] [DEBUG] cheese - null
[2022-02-05T10:43:29.204] [DEBUG] cheese - null
[2022-02-05T10:50:04.019] [DEBUG] cheese - login => username:admin,password:123456
[2022-02-05T10:50:04.019] [DEBUG] cheese - admin
[2022-02-05T10:50:04.026] [DEBUG] cheese - null
[2022-02-05T10:50:04.026] [DEBUG] cheese - null
[2022-02-05T11:46:35.131] [DEBUG] cheese - login => username:admin,password:123456
[2022-02-05T11:46:35.132] [DEBUG] cheese - admin
[2022-02-05T11:46:35.149] [DEBUG] cheese - null
[2022-02-05T11:46:35.149] [DEBUG] cheese - null
[2022-02-05T11:47:03.787] [DEBUG] cheese - login => username:admin,password:123456
[2022-02-05T11:47:03.787] [DEBUG] cheese - admin
[2022-02-05T11:47:03.794] [DEBUG] cheese - null
[2022-02-05T11:47:03.794] [DEBUG] cheese - null
[2022-02-05T14:26:01.899] [DEBUG] cheese - login => username:admin,password:123456
[2022-02-05T14:26:01.901] [DEBUG] cheese - admin
[2022-02-05T14:26:01.926] [DEBUG] cheese - null
[2022-02-05T14:26:01.927] [DEBUG] cheese - null
[2022-02-05T14:32:00.071] [DEBUG] cheese - login => username:admin,password:123456
[2022-02-05T14:32:00.072] [DEBUG] cheese - admin
[2022-02-05T14:32:00.076] [DEBUG] cheese - null
[2022-02-05T14:32:00.076] [DEBUG] cheese - null
[2022-02-06T07:20:02.379] [DEBUG] cheese - login => username:admin,password:123456
[2022-02-06T07:20:02.380] [DEBUG] cheese - admin
[2022-02-06T07:20:02.407] [DEBUG] cheese - null
[2022-02-06T07:20:02.408] [DEBUG] cheese - null
[2022-02-06T07:38:57.875] [DEBUG] cheese - null
[2022-02-06T07:41:28.879] [DEBUG] cheese - null
[2022-02-06T07:43:12.999] [DEBUG] cheese - null
[2022-02-06T07:43:20.804] [DEBUG] cheese - null
[2022-02-06T07:43:24.782] [DEBUG] cheese - null
[2022-02-07T16:52:59.214] [DEBUG] cheese - login => username:admin,password:123456
[2022-02-07T16:52:59.215] [DEBUG] cheese - admin
[2022-02-07T16:52:59.230] [DEBUG] cheese - null
[2022-02-07T16:52:59.230] [DEBUG] cheese - null
